<?xml version="1.0" encoding="UTF-8"?>
<!-- Generated by org.testng.reporters.JUnitReportReporter -->
<testsuite hostname="DESKTOP-CTN8QTI" failures="0" tests="1" name="TestRunner" time="58.409" errors="1" timestamp="01 Jul 2021 04:32:59 GMT" skipped="0">
  <testcase classname="TestRunner" name="runScenario" time="58.409">
    <error message="Cannot locate element with text: May
For documentation on this error, please visit: https://www.seleniumhq.org/exceptions/no_such_element.html
Build info: version: &#039;3.141.59&#039;, revision: &#039;e82be7d358&#039;, time: &#039;2018-11-14T08:17:03&#039;
System info: host: &#039;DESKTOP-CTN8QTI&#039;, ip: &#039;192.168.1.66&#039;, os.name: &#039;Windows 10&#039;, os.arch: &#039;amd64&#039;, os.version: &#039;10.0&#039;, java.version: &#039;15.0.1&#039;
Driver info: driver.version: unknown" type="org.openqa.selenium.NoSuchElementException">
      <![CDATA[org.openqa.selenium.NoSuchElementException: Cannot locate element with text: May
For documentation on this error, please visit: https://www.seleniumhq.org/exceptions/no_such_element.html
Build info: version: '3.141.59', revision: 'e82be7d358', time: '2018-11-14T08:17:03'
System info: host: 'DESKTOP-CTN8QTI', ip: '192.168.1.66', os.name: 'Windows 10', os.arch: 'amd64', os.version: '10.0', java.version: '15.0.1'
Driver info: driver.version: unknown
at org.openqa.selenium.support.ui.Select.selectByVisibleText(Select.java:147)
at Base.Utillity.dropdownByVisibleText(Utillity.java:11)
at StepDef.SignUp_Steps.select_dob_month_from_month_dropdown_box(SignUp_Steps.java:92)
at âœ½.Select dob month from Month dropdown box(file:///C:/Users/16467/eclipse-workspace/CucumberProject/src/test/java/Features/Signup.feature:15)
]]>
    </error>
  </testcase> <!-- runScenario -->
</testsuite> <!-- TestRunner -->
